#
# A fatal error has been detected by the Java Runtime Environment:
#
#  EXCEPTION_ACCESS_VIOLATION (0xc0000005) at pc=0x67650b80, pid=6004, tid=7236
#
# JRE version: 7.0_15-b03
# Java VM: Java HotSpot(TM) Client VM (23.7-b01 mixed mode windows-x86 )
# Problematic frame:
# V  [jvm.dll+0x20b80]
#
# Failed to write core dump. Minidumps are not enabled by default on client versions of Windows
#
# If you would like to submit a bug report, please visit:
#   http://bugreport.sun.com/bugreport/crash.jsp
#

---------------  T H R E A D  ---------------

Current thread (0x187c4800):  JavaThread "JDWP Transport Listener: dt_socket" daemon [_thread_in_vm, id=7236, stack(0x19170000,0x191c0000)]

siginfo: ExceptionCode=0xc0000005, reading address 0x00000008

Registers:
EAX=0x04727a20, EBX=0x04727a20, ECX=0x00000000, EDX=0x00000000
ESP=0x191bf6c0, EBP=0x191bf6c4, ESI=0x00000000, EDI=0x187c4800
EIP=0x67650b80, EFLAGS=0x00010246

Top of Stack: (sp=0x191bf6c0)
0x191bf6c0:   187c4928 191bf6ec 676d63f3 04727a20
0x191bf6d0:   187c4928 6deee174 6deee15c 187c4800
0x191bf6e0:   00000000 187c4928 191bf7b0 6deee99c
0x191bf6f0:   6ded63b2 187c4928 187e6538 00000000
0x191bf700:   191bf724 191bf7b0 187c8838 191bf760
0x191bf710:   187e6538 191bf730 6dedbd12 191bf730
0x191bf720:   191bf764 6deee890 71425004 6def2c68
0x191bf730:   005afce8 0000000b 191b0000 00000013 

Instructions: (pc=0x67650b80)
0x67650b60:   8b 0d 48 0d 93 67 85 c9 7e 05 8b 0c 01 eb 02 33
0x67650b70:   c9 8b 15 4c 0d 93 67 85 d2 7e 05 8b 04 02 eb 03
0x67650b80:   8b 46 08 85 c0 75 0f 33 c9 50 51 e8 c0 cb 14 00
0x67650b90:   83 c4 08 5e 5d c3 8d 4c 4e 0c 50 51 e8 af cb 14 


Register to memory mapping:

EAX=0x04727a20 is an oop
java.lang.String 
 - klass: 'java/lang/String'
EBX=0x04727a20 is an oop
java.lang.String 
 - klass: 'java/lang/String'
ECX=0x00000000 is an unknown value
EDX=0x00000000 is an unknown value
ESP=0x191bf6c0 is pointing into the stack for thread: 0x187c4800
EBP=0x191bf6c4 is pointing into the stack for thread: 0x187c4800
ESI=0x00000000 is an unknown value
EDI=0x187c4800 is a thread


Stack: [0x19170000,0x191c0000],  sp=0x191bf6c0,  free space=317k
Native frames: (J=compiled Java code, j=interpreted, Vv=VM code, C=native code)
V  [jvm.dll+0x20b80]
V  [jvm.dll+0xa63f3]


---------------  P R O C E S S  ---------------

Java Threads: ( => current thread )
  0x187e6000 JavaThread "Service Thread" daemon [_thread_blocked, id=6724, stack(0x194a0000,0x194f0000)]
  0x187e5c00 JavaThread "C1 CompilerThread0" daemon [_thread_blocked, id=9740, stack(0x19430000,0x19480000)]
  0x187d7400 JavaThread "JDWP Command Reader" daemon [_thread_in_native, id=10236, stack(0x193b0000,0x19400000)]
  0x187d4400 JavaThread "JDWP Event Helper Thread" daemon [_thread_blocked, id=6972, stack(0x19110000,0x19160000)]
=>0x187c4800 JavaThread "JDWP Transport Listener: dt_socket" daemon [_thread_in_vm, id=7236, stack(0x19170000,0x191c0000)]
  0x187bd800 JavaThread "Attach Listener" daemon [_thread_blocked, id=9656, stack(0x18db0000,0x18e00000)]
  0x187bc800 JavaThread "Signal Dispatcher" daemon [_thread_blocked, id=7644, stack(0x18c20000,0x18c70000)]
  0x18741c00 JavaThread "Finalizer" daemon [_thread_blocked, id=7808, stack(0x18b40000,0x18b90000)]
  0x1873d000 JavaThread "Reference Handler" daemon [_thread_blocked, id=5812, stack(0x18a50000,0x18aa0000)]
  0x005acc00 JavaThread "main" [_thread_blocked, id=9672, stack(0x01e30000,0x01e80000)]

Other Threads:
  0x18737800 VMThread [stack: 0x18ab0000,0x18b00000] [id=8588]

VM state:not at safepoint (normal execution)

VM Mutex/Monitor currently owned by a thread: None

Heap
 def new generation   total 4928K, used 845K [0x04680000, 0x04bd0000, 0x09bd0000)
  eden space 4416K,  19% used [0x04680000, 0x04753450, 0x04ad0000)
  from space 512K,   0% used [0x04ad0000, 0x04ad0000, 0x04b50000)
  to   space 512K,   0% used [0x04b50000, 0x04b50000, 0x04bd0000)
 tenured generation   total 10944K, used 0K [0x09bd0000, 0x0a680000, 0x14680000)
   the space 10944K,   0% used [0x09bd0000, 0x09bd0000, 0x09bd0200, 0x0a680000)
 compacting perm gen  total 12288K, used 1483K [0x14680000, 0x15280000, 0x18680000)
   the space 12288K,  12% used [0x14680000, 0x147f2f78, 0x147f3000, 0x15280000)
No shared spaces configured.

Card table byte_map: [0x18680000,0x18730000] byte_map_base: 0x1865cc00

Polling page: 0x00110000

Code Cache  [0x02680000, 0x02710000, 0x04680000)
 total_blobs=120 nmethods=1 adapters=63 free_code_cache=32193Kb largest_free_block=32965888

Compilation events (2 events):
Event: 0.318 Thread 0x187e5c00    1             java.lang.String::hashCode (55 bytes)
Event: 0.319 Thread 0x187e5c00 nmethod 1 0x0270f808 code [0x0270f900, 0x0270f9e0]

GC Heap History (0 events):
No events

Deoptimization events (0 events):
No events

Internal exceptions (1 events):
Event: 0.026 Thread 0x005acc00 Threw 0x04686060 at C:\jdk7u2_32P\jdk7u15\hotspot\src\share\vm\prims\jni.cpp:3994

Events (10 events):
Event: 0.114 Executing VM operation: ForceSafepoint
Event: 0.114 Executing VM operation: ForceSafepoint done
Event: 0.114 Executing VM operation: ChangeBreakpoints
Event: 0.114 Executing VM operation: ChangeBreakpoints done
Event: 0.300 Executing VM operation: ChangeBreakpoints
Event: 0.300 Executing VM operation: ChangeBreakpoints done
Event: 0.318 Thread 0x187e5c00 Thread added: 0x187e5c00
Event: 0.318 Thread 0x187e6000 Thread added: 0x187e6000
Event: 0.372 Executing VM operation: GetOrSetLocal
Event: 0.372 Executing VM operation: GetOrSetLocal done


Dynamic libraries:
0x00160000 - 0x0018f000 	D:\SoftBuild\JDK_7_15\bin\javaw.exe
0x76f50000 - 0x770d0000 	C:\Windows\SysWOW64\ntdll.dll
0x76450000 - 0x76560000 	C:\Windows\syswow64\kernel32.dll
0x751e0000 - 0x75227000 	C:\Windows\syswow64\KERNELBASE.dll
0x74c40000 - 0x74ce1000 	C:\Windows\syswow64\ADVAPI32.dll
0x74da0000 - 0x74e4c000 	C:\Windows\syswow64\msvcrt.dll
0x74b30000 - 0x74b49000 	C:\Windows\SysWOW64\sechost.dll
0x748e0000 - 0x749d0000 	C:\Windows\syswow64\RPCRT4.dll
0x745f0000 - 0x74650000 	C:\Windows\syswow64\SspiCli.dll
0x745e0000 - 0x745ec000 	C:\Windows\syswow64\CRYPTBASE.dll
0x74f40000 - 0x75040000 	C:\Windows\syswow64\USER32.dll
0x76560000 - 0x765f0000 	C:\Windows\syswow64\GDI32.dll
0x74cf0000 - 0x74cfa000 	C:\Windows\syswow64\LPK.dll
0x74d00000 - 0x74d9d000 	C:\Windows\syswow64\USP10.dll
0x71810000 - 0x719ae000 	C:\Windows\WinSxS\x86_microsoft.windows.common-controls_6595b64144ccf1df_6.0.7601.18837_none_41e855142bd5705d\COMCTL32.dll
0x74b50000 - 0x74ba7000 	C:\Windows\syswow64\SHLWAPI.dll
0x74650000 - 0x746b0000 	C:\Windows\system32\IMM32.DLL
0x754e0000 - 0x755ac000 	C:\Windows\syswow64\MSCTF.dll
0x6dd80000 - 0x6de3e000 	D:\SoftBuild\JDK_7_15\jre\bin\msvcr100.dll
0x67630000 - 0x6797c000 	D:\SoftBuild\JDK_7_15\jre\bin\client\jvm.dll
0x70640000 - 0x70647000 	C:\Windows\system32\WSOCK32.dll
0x75230000 - 0x75265000 	C:\Windows\syswow64\WS2_32.dll
0x74e50000 - 0x74e56000 	C:\Windows\syswow64\NSI.dll
0x73410000 - 0x73442000 	C:\Windows\system32\WINMM.dll
0x74af0000 - 0x74af5000 	C:\Windows\syswow64\PSAPI.DLL
0x73920000 - 0x7392c000 	D:\SoftBuild\JDK_7_15\jre\bin\verify.dll
0x6eb70000 - 0x6eb90000 	D:\SoftBuild\JDK_7_15\jre\bin\java.dll
0x6ded0000 - 0x6defa000 	D:\SoftBuild\JDK_7_15\jre\bin\jdwp.dll
0x73930000 - 0x73937000 	D:\SoftBuild\JDK_7_15\jre\bin\npt.dll
0x6fca0000 - 0x6fcb3000 	D:\SoftBuild\JDK_7_15\jre\bin\zip.dll
0x71420000 - 0x71428000 	D:\SoftBuild\JDK_7_15\jre\bin\dt_socket.dll
0x710e0000 - 0x710f0000 	C:\Windows\system32\NLAapi.dll
0x6f060000 - 0x6f070000 	C:\Windows\system32\napinsp.dll
0x6f040000 - 0x6f052000 	C:\Windows\system32\pnrpnsp.dll
0x70480000 - 0x704bc000 	C:\Windows\System32\mswsock.dll
0x71760000 - 0x717a4000 	C:\Windows\system32\DNSAPI.dll
0x6f030000 - 0x6f038000 	C:\Windows\System32\winrnr.dll
0x73700000 - 0x7371c000 	C:\Windows\system32\IPHLPAPI.DLL
0x736f0000 - 0x736f7000 	C:\Windows\system32\WINNSI.DLL
0x6eff0000 - 0x6f028000 	C:\Windows\System32\fwpuclnt.dll
0x70450000 - 0x70456000 	C:\Windows\system32\rasadhlp.dll
0x00270000 - 0x00292000 	C:\Windows\system32\xunyount.dll
0x738b0000 - 0x738b9000 	C:\Windows\system32\VERSION.dll
0x71f20000 - 0x71f32000 	C:\Windows\system32\dhcpcsvc.DLL
0x70470000 - 0x70475000 	C:\Windows\System32\wshtcpip.dll
0x71140000 - 0x7122b000 	C:\Windows\system32\dbghelp.dll

VM Arguments:
jvm_args: -agentlib:jdwp=transport=dt_socket,suspend=y,address=localhost:10685 -Dfile.encoding=UTF-8 
java_command: org.eclipse.jdt.internal.junit.runner.RemoteTestRunner -version 3 -port 10684 -testLoaderClass org.eclipse.jdt.internal.junit4.runner.JUnit4TestLoader -loaderpluginname org.eclipse.jdt.junit4.runtime -classNames ting.youri.collection.CollectionTest
Launcher Type: SUN_STANDARD

Environment Variables:
JAVA_HOME=D:\SoftBuild\JDK_7_15
CLASSPATH=.;D:\SoftBuild\JDK_7_15\lib;D:\SoftBuild\JDK_7_15\lib\tools.jar
PATH=C:\Windows\system32;C:\Windows;C:\Windows\System32\Wbem;C:\Windows\System32\WindowsPowerShell\v1.0\;D:\SoftBuild\JDK_7_15\bin;D:\SoftBuild\JDK_7_15\jre\bin;D:\SoftBuild\apache-maven-3.3.9\bin;D:\SoftBuild\MySQL Server 5.5\bin;D:\SoftWare\Git\cmd;D:\VisualSVN Server\bin;C:\Users\Administrator\AppData\Local\Programs\Python\Python35\Scripts\;C:\Users\Administrator\AppData\Local\Programs\Python\Python35\
USERNAME=Administrator
OS=Windows_NT
PROCESSOR_IDENTIFIER=Intel64 Family 6 Model 42 Stepping 7, GenuineIntel



---------------  S Y S T E M  ---------------

OS: Windows 7 , 64 bit Build 7601 Service Pack 1

CPU:total 4 (2 cores per cpu, 2 threads per core) family 6 model 42 stepping 7, cmov, cx8, fxsr, mmx, sse, sse2, sse3, ssse3, sse4.1, sse4.2, popcnt, avx, ht, tsc, tscinvbit

Memory: 4k page, physical 8364828k(4766068k free), swap 16727796k(12655000k free)

vm_info: Java HotSpot(TM) Client VM (23.7-b01) for windows-x86 JRE (1.7.0_15-b03), built on Feb 15 2013 14:01:25 by "java_re" with unknown MS VC++:1600

time: Thu Mar 23 21:28:32 2017
elapsed time: 2 seconds

